<?xml version="1.0" encoding="UTF-8"?>
<!-- Generated by org.testng.reporters.JUnitXMLReporter -->
<testsuite ignored="0" hostname="ApurvaNaik42" failures="0" tests="7" name="Command line test" time="5.383" errors="0" timestamp="2023-12-23T11:49:45 IST">
  <testcase classname="TestComponenet.DemloTest" name="addPlace" time="3.33"/>
  <testcase classname="TestComponenet.DemloTest" name="updatePlace" time="0.97"/>
  <testcase classname="TestComponenet.DemloTest" name="getPlace" time="0.621"/>
  <testcase classname="TestComponenet.LibraryApiTest" name="addBook" time="0.131"/>
  <testcase classname="TestComponenet.LibraryApiTest" name="addBook" time="0.098"/>
  <testcase classname="TestComponenet.LibraryApiTest" name="deleteBook" time="0.066"/>
  <testcase classname="TestComponenet.LibraryApiTest" name="deleteBook" time="0.069"/>
</testsuite> <!-- Command line test -->
